[2019-08-18T16:56:35.199+0200] [glassfish 5.1] [INFO] [NCLS-LOGGING-00009] [javax.enterprise.logging] [tid: _ThreadID=27 _ThreadName=RunLevelControllerThread-1566140195113] [timeMillis: 1566140195199] [levelValue: 800] [[
  Running GlassFish Version: GlassFish Server Open Source Edition  5.1.0  (build default-private)]]

[2019-08-18T16:56:35.201+0200] [glassfish 5.1] [INFO] [NCLS-LOGGING-00010] [javax.enterprise.logging] [tid: _ThreadID=27 _ThreadName=RunLevelControllerThread-1566140195113] [timeMillis: 1566140195201] [levelValue: 800] [[
  Server log file is using Formatter class: com.sun.enterprise.server.logging.ODLLogFormatter]]

[2019-08-18T16:56:35.526+0200] [glassfish 5.1] [INFO] [] [org.hibernate.validator.internal.util.Version] [tid: _ThreadID=26 _ThreadName=RunLevelControllerThread-1566140195112] [timeMillis: 1566140195526] [levelValue: 800] [[
  HV000001: Hibernate Validator 6.0.10.Final]]

[2019-08-18T16:56:35.530+0200] [glassfish 5.1] [INFO] [NCLS-SECURITY-01115] [javax.enterprise.system.core.security] [tid: _ThreadID=27 _ThreadName=RunLevelControllerThread-1566140195113] [timeMillis: 1566140195530] [levelValue: 800] [[
  Realm [admin-realm] of classtype [com.sun.enterprise.security.auth.realm.file.FileRealm] successfully created.]]

[2019-08-18T16:56:35.532+0200] [glassfish 5.1] [INFO] [NCLS-SECURITY-01115] [javax.enterprise.system.core.security] [tid: _ThreadID=27 _ThreadName=RunLevelControllerThread-1566140195113] [timeMillis: 1566140195532] [levelValue: 800] [[
  Realm [file] of classtype [com.sun.enterprise.security.auth.realm.file.FileRealm] successfully created.]]

[2019-08-18T16:56:35.542+0200] [glassfish 5.1] [INFO] [NCLS-SECURITY-01115] [javax.enterprise.system.core.security] [tid: _ThreadID=27 _ThreadName=RunLevelControllerThread-1566140195113] [timeMillis: 1566140195542] [levelValue: 800] [[
  Realm [certificate] of classtype [com.sun.enterprise.security.auth.realm.certificate.CertificateRealm] successfully created.]]

[2019-08-18T16:56:35.596+0200] [glassfish 5.1] [INFO] [SEC-SVCS-00100] [javax.enterprise.security.services] [tid: _ThreadID=27 _ThreadName=RunLevelControllerThread-1566140195113] [timeMillis: 1566140195596] [levelValue: 800] [[
  Authorization Service has successfully initialized.]]

[2019-08-18T16:56:35.654+0200] [glassfish 5.1] [INFO] [] [org.glassfish.ha.store.spi.BackingStoreFactoryRegistry] [tid: _ThreadID=28 _ThreadName=RunLevelControllerThread-1566140195118] [timeMillis: 1566140195654] [levelValue: 800] [[
  Registered org.glassfish.ha.store.adapter.cache.ShoalBackingStoreProxy for persistence-type = replicated in BackingStoreFactoryRegistry]]

[2019-08-18T16:56:35.745+0200] [glassfish 5.1] [INFO] [NCLS-CORE-00087] [javax.enterprise.system.core] [tid: _ThreadID=29 _ThreadName=RunLevelControllerThread-1566140195118] [timeMillis: 1566140195745] [levelValue: 800] [[
  Grizzly Framework 2.4.4 started in: 35ms - bound to [/0.0.0.0:52004]]]

[2019-08-18T16:56:35.777+0200] [glassfish 5.1] [INFO] [NCLS-CORE-00087] [javax.enterprise.system.core] [tid: _ThreadID=29 _ThreadName=RunLevelControllerThread-1566140195118] [timeMillis: 1566140195777] [levelValue: 800] [[
  Grizzly Framework 2.4.4 started in: 4ms - bound to [/0.0.0.0:8181]]]

[2019-08-18T16:56:35.788+0200] [glassfish 5.1] [INFO] [NCLS-CORE-00087] [javax.enterprise.system.core] [tid: _ThreadID=29 _ThreadName=RunLevelControllerThread-1566140195118] [timeMillis: 1566140195788] [levelValue: 800] [[
  Grizzly Framework 2.4.4 started in: 3ms - bound to [/0.0.0.0:4848]]]

[2019-08-18T16:56:35.826+0200] [glassfish 5.1] [INFO] [NCLS-CORE-00087] [javax.enterprise.system.core] [tid: _ThreadID=28 _ThreadName=RunLevelControllerThread-1566140195118] [timeMillis: 1566140195826] [levelValue: 800] [[
  Grizzly Framework 2.4.4 started in: 2ms - bound to [/0.0.0.0:3700]]]

[2019-08-18T16:56:36.082+0200] [glassfish 5.1] [INFO] [NCLS-CORE-00017] [javax.enterprise.system.core] [tid: _ThreadID=1 _ThreadName=main] [timeMillis: 1566140196082] [levelValue: 800] [[
  GlassFish Server Open Source Edition  5.1.0  (default-private) startup time : Felix (3,631ms), startup services(976ms), total(4,607ms)]]

[2019-08-18T16:56:36.202+0200] [glassfish 5.1] [INFO] [jts.startup_msg] [javax.enterprise.system.core.transaction.com.sun.jts.CosTransactions] [tid: _ThreadID=26 _ThreadName=RunLevelControllerThread-1566140195112] [timeMillis: 1566140196202] [levelValue: 800] [[
  JTS5014: Recoverable JTS instance, serverId = [100]]]

[2019-08-18T16:56:36.296+0200] [glassfish 5.1] [INFO] [NCLS-JMX-00005] [javax.enterprise.system.jmx] [tid: _ThreadID=71 _ThreadName=Thread-14] [timeMillis: 1566140196296] [levelValue: 800] [[
  JMXStartupService has started JMXConnector on JMXService URL service:jmx:rmi://DESKTOP-2NNGGJV:8686/jndi/rmi://DESKTOP-2NNGGJV:8686/jmxrmi]]

[2019-08-18T16:56:36.430+0200] [glassfish 5.1] [INFO] [NCLS-CORE-00087] [javax.enterprise.system.core] [tid: _ThreadID=28 _ThreadName=RunLevelControllerThread-1566140195118] [timeMillis: 1566140196430] [levelValue: 800] [[
  Grizzly Framework 2.4.4 started in: 1ms - bound to [/0.0.0.0:7676]]]

[2019-08-18T16:56:36.433+0200] [glassfish 5.1] [INFO] [NCLS-BOOTSTRAP-00027] [javax.enterprise.bootstrap] [tid: _ThreadID=1 _ThreadName=main] [timeMillis: 1566140196433] [levelValue: 800] [[
  Registered com.sun.enterprise.glassfish.bootstrap.osgi.EmbeddedOSGiGlassFishImpl@3ba0ae41 as OSGi service registration: org.apache.felix.framework.ServiceRegistrationImpl@76fe6cdc.]]

[2019-08-18T16:56:37.225+0200] [glassfish 5.1] [INFO] [NCLS-CORE-00087] [javax.enterprise.system.core] [tid: _ThreadID=83 _ThreadName=pool-15-thread-1] [timeMillis: 1566140197225] [levelValue: 800] [[
  Grizzly Framework 2.4.4 started in: 2ms - bound to [/0.0.0.0:52004]]]

[2019-08-18T16:56:37.237+0200] [glassfish 5.1] [INFO] [NCLS-CORE-00087] [javax.enterprise.system.core] [tid: _ThreadID=83 _ThreadName=pool-15-thread-1] [timeMillis: 1566140197237] [levelValue: 800] [[
  Grizzly Framework 2.4.4 started in: 2ms - bound to [/0.0.0.0:8181]]]

[2019-08-18T16:56:37.778+0200] [glassfish 5.1] [INFO] [NCLS-CORE-00087] [javax.enterprise.system.core] [tid: _ThreadID=130 _ThreadName=pool-22-thread-1] [timeMillis: 1566140197778] [levelValue: 800] [[
  Grizzly Framework 2.4.4 started in: 10ms - bound to [/0.0.0.0:8181]]]

[2019-08-18T16:56:37.813+0200] [glassfish 5.1] [INFO] [] [javax.enterprise.system.tools.deployment.common] [tid: _ThreadID=127 _ThreadName=Thread-33] [timeMillis: 1566140197813] [levelValue: 800] [[
  visiting unvisited references]]

[2019-08-18T16:56:37.944+0200] [glassfish 5.1] [INFO] [NCLS-CORE-00087] [javax.enterprise.system.core] [tid: _ThreadID=64 _ThreadName=pool-11-thread-1] [timeMillis: 1566140197944] [levelValue: 800] [[
  Grizzly Framework 2.4.4 started in: 6ms - bound to [/0.0.0.0:52004]]]

[2019-08-18T16:56:38.554+0200] [glassfish 5.1] [INFO] [AS-WEB-GLUE-00198] [javax.enterprise.web] [tid: _ThreadID=127 _ThreadName=Thread-33] [timeMillis: 1566140198554] [levelValue: 800] [[
  Created HTTP listener http-listener-1 on host/port 0.0.0.0:52004]]

[2019-08-18T16:56:38.564+0200] [glassfish 5.1] [INFO] [AS-WEB-GLUE-00198] [javax.enterprise.web] [tid: _ThreadID=127 _ThreadName=Thread-33] [timeMillis: 1566140198564] [levelValue: 800] [[
  Created HTTP listener http-listener-2 on host/port 0.0.0.0:8181]]

[2019-08-18T16:56:38.566+0200] [glassfish 5.1] [INFO] [AS-WEB-GLUE-00198] [javax.enterprise.web] [tid: _ThreadID=127 _ThreadName=Thread-33] [timeMillis: 1566140198566] [levelValue: 800] [[
  Created HTTP listener admin-listener on host/port 0.0.0.0:4848]]

[2019-08-18T16:56:38.595+0200] [glassfish 5.1] [INFO] [AS-WEB-GLUE-00200] [javax.enterprise.web] [tid: _ThreadID=127 _ThreadName=Thread-33] [timeMillis: 1566140198595] [levelValue: 800] [[
  Created virtual server server]]

[2019-08-18T16:56:38.609+0200] [glassfish 5.1] [INFO] [AS-WEB-GLUE-00200] [javax.enterprise.web] [tid: _ThreadID=127 _ThreadName=Thread-33] [timeMillis: 1566140198609] [levelValue: 800] [[
  Created virtual server __asadmin]]

[2019-08-18T16:56:38.862+0200] [glassfish 5.1] [INFO] [AS-WEB-CORE-00306] [javax.enterprise.web.core] [tid: _ThreadID=127 _ThreadName=Thread-33] [timeMillis: 1566140198862] [levelValue: 800] [[
  Setting JAAS app name glassfish-web]]

[2019-08-18T16:56:38.863+0200] [glassfish 5.1] [INFO] [AS-WEB-GLUE-00201] [javax.enterprise.web] [tid: _ThreadID=127 _ThreadName=Thread-33] [timeMillis: 1566140198863] [levelValue: 800] [[
  Virtual server server loaded default web module ]]

[2019-08-18T16:56:39.245+0200] [glassfish 5.1] [INFO] [] [javax.enterprise.system.tools.deployment.common] [tid: _ThreadID=53 _ThreadName=admin-listener(3)] [timeMillis: 1566140199245] [levelValue: 800] [[
  visiting unvisited references]]

[2019-08-18T16:56:39.368+0200] [glassfish 5.1] [INFO] [NCLS-SECURITY-01002] [javax.enterprise.system.core.security] [tid: _ThreadID=127 _ThreadName=Thread-33] [timeMillis: 1566140199368] [levelValue: 800] [[
  Java security manager is disabled.]]

[2019-08-18T16:56:39.368+0200] [glassfish 5.1] [INFO] [NCLS-SECURITY-01010] [javax.enterprise.system.core.security] [tid: _ThreadID=127 _ThreadName=Thread-33] [timeMillis: 1566140199368] [levelValue: 800] [[
  Entering Security Startup Service.]]

[2019-08-18T16:56:39.372+0200] [glassfish 5.1] [INFO] [NCLS-SECURITY-01143] [javax.enterprise.system.core.security] [tid: _ThreadID=127 _ThreadName=Thread-33] [timeMillis: 1566140199372] [levelValue: 800] [[
  Loading policy provider com.sun.enterprise.security.provider.PolicyWrapper.]]

[2019-08-18T16:56:39.446+0200] [glassfish 5.1] [INFO] [NCLS-SECURITY-01011] [javax.enterprise.system.core.security] [tid: _ThreadID=127 _ThreadName=Thread-33] [timeMillis: 1566140199446] [levelValue: 800] [[
  Security Service(s) started successfully.]]

[2019-08-18T16:56:39.712+0200] [glassfish 5.1] [INFO] [] [javax.enterprise.system.tools.deployment.common] [tid: _ThreadID=53 _ThreadName=admin-listener(3)] [timeMillis: 1566140199712] [levelValue: 800] [[
  visiting unvisited references]]

[2019-08-18T16:56:39.723+0200] [glassfish 5.1] [INFO] [] [javax.enterprise.system.tools.deployment.common] [tid: _ThreadID=53 _ThreadName=admin-listener(3)] [timeMillis: 1566140199723] [levelValue: 800] [[
  visiting unvisited references]]

[2019-08-18T16:56:39.733+0200] [glassfish 5.1] [INFO] [] [javax.enterprise.system.tools.deployment.common] [tid: _ThreadID=127 _ThreadName=Thread-33] [timeMillis: 1566140199733] [levelValue: 800] [[
  visiting unvisited references]]

[2019-08-18T16:56:40.179+0200] [glassfish 5.1] [INFO] [] [javax.enterprise.system.tools.deployment.common] [tid: _ThreadID=127 _ThreadName=Thread-33] [timeMillis: 1566140200179] [levelValue: 800] [[
  visiting unvisited references]]

[2019-08-18T16:56:40.181+0200] [glassfish 5.1] [INFO] [] [javax.enterprise.system.tools.deployment.common] [tid: _ThreadID=127 _ThreadName=Thread-33] [timeMillis: 1566140200181] [levelValue: 800] [[
  visiting unvisited references]]

[2019-08-18T16:56:40.397+0200] [glassfish 5.1] [INFO] [] [org.jboss.weld.Version] [tid: _ThreadID=53 _ThreadName=admin-listener(3)] [timeMillis: 1566140200397] [levelValue: 800] [[
  WELD-000900: 3.0.0 (Final)]]

[2019-08-18T16:56:41.219+0200] [glassfish 5.1] [INFO] [NCLS-REST-00001] [javax.enterprise.admin.rest] [tid: _ThreadID=52 _ThreadName=admin-listener(2)] [timeMillis: 1566140201219] [levelValue: 800] [[
  Listening to REST requests at context: /management/domain.]]

[2019-08-18T16:56:41.240+0200] [glassfish 5.1] [INFO] [] [org.jboss.weld.Event] [tid: _ThreadID=53 _ThreadName=admin-listener(3)] [timeMillis: 1566140201240] [levelValue: 800] [[
  WELD-000411: Observer method [BackedAnnotatedMethod] public org.glassfish.jms.injection.JMSCDIExtension.processAnnotatedType(@Observes ProcessAnnotatedType<T>) receives events for all annotated types. Consider restricting events using @WithAnnotations or a generic type with bounds.]]

[2019-08-18T16:56:41.267+0200] [glassfish 5.1] [INFO] [] [org.jboss.weld.Event] [tid: _ThreadID=53 _ThreadName=admin-listener(3)] [timeMillis: 1566140201267] [levelValue: 800] [[
  WELD-000411: Observer method [BackedAnnotatedMethod] org.glassfish.sse.impl.ServerSentEventCdiExtension.processAnnotatedType(@Observes ProcessAnnotatedType<T>, BeanManager) receives events for all annotated types. Consider restricting events using @WithAnnotations or a generic type with bounds.]]

[2019-08-18T16:56:41.292+0200] [glassfish 5.1] [INFO] [] [org.jboss.weld.Event] [tid: _ThreadID=53 _ThreadName=admin-listener(3)] [timeMillis: 1566140201292] [levelValue: 800] [[
  WELD-000411: Observer method [BackedAnnotatedMethod] private org.glassfish.jersey.ext.cdi1x.internal.CdiComponentProvider.processAnnotatedType(@Observes ProcessAnnotatedType) receives events for all annotated types. Consider restricting events using @WithAnnotations or a generic type with bounds.]]

[2019-08-18T16:56:41.306+0200] [glassfish 5.1] [INFO] [] [org.jboss.weld.Event] [tid: _ThreadID=53 _ThreadName=admin-listener(3)] [timeMillis: 1566140201306] [levelValue: 800] [[
  WELD-000411: Observer method [BackedAnnotatedMethod] public org.hibernate.validator.cdi.ValidationExtension.processAnnotatedType(@Observes ProcessAnnotatedType<T>) receives events for all annotated types. Consider restricting events using @WithAnnotations or a generic type with bounds.]]

[2019-08-18T16:56:41.340+0200] [glassfish 5.1] [WARN] [] [org.jboss.weld.Bootstrap] [tid: _ThreadID=53 _ThreadName=admin-listener(3)] [timeMillis: 1566140201340] [levelValue: 900] [[
  WELD-000146: BeforeBeanDiscovery.addAnnotatedType(AnnotatedType<?>) used for class com.sun.faces.flow.FlowDiscoveryCDIHelper is deprecated from CDI 1.1!]]

[2019-08-18T16:56:41.361+0200] [glassfish 5.1] [WARN] [] [org.jboss.weld.Bootstrap] [tid: _ThreadID=53 _ThreadName=admin-listener(3)] [timeMillis: 1566140201361] [levelValue: 900] [[
  WELD-000146: BeforeBeanDiscovery.addAnnotatedType(AnnotatedType<?>) used for class org.glassfish.jersey.ext.cdi1x.internal.CdiComponentProvider$JaxRsParamProducer is deprecated from CDI 1.1!]]

[2019-08-18T16:56:41.366+0200] [glassfish 5.1] [WARN] [] [org.jboss.weld.Bootstrap] [tid: _ThreadID=53 _ThreadName=admin-listener(3)] [timeMillis: 1566140201366] [levelValue: 900] [[
  WELD-000146: BeforeBeanDiscovery.addAnnotatedType(AnnotatedType<?>) used for class org.glassfish.cdi.transaction.TransactionalInterceptorMandatory is deprecated from CDI 1.1!]]

[2019-08-18T16:56:41.380+0200] [glassfish 5.1] [WARN] [] [org.jboss.weld.Bootstrap] [tid: _ThreadID=53 _ThreadName=admin-listener(3)] [timeMillis: 1566140201380] [levelValue: 900] [[
  WELD-000146: BeforeBeanDiscovery.addAnnotatedType(AnnotatedType<?>) used for class org.glassfish.cdi.transaction.TransactionalInterceptorNever is deprecated from CDI 1.1!]]

[2019-08-18T16:56:41.382+0200] [glassfish 5.1] [WARN] [] [org.jboss.weld.Bootstrap] [tid: _ThreadID=53 _ThreadName=admin-listener(3)] [timeMillis: 1566140201382] [levelValue: 900] [[
  WELD-000146: BeforeBeanDiscovery.addAnnotatedType(AnnotatedType<?>) used for class org.glassfish.cdi.transaction.TransactionalInterceptorNotSupported is deprecated from CDI 1.1!]]

[2019-08-18T16:56:41.386+0200] [glassfish 5.1] [WARN] [] [org.jboss.weld.Bootstrap] [tid: _ThreadID=53 _ThreadName=admin-listener(3)] [timeMillis: 1566140201386] [levelValue: 900] [[
  WELD-000146: BeforeBeanDiscovery.addAnnotatedType(AnnotatedType<?>) used for class org.glassfish.cdi.transaction.TransactionalInterceptorRequired is deprecated from CDI 1.1!]]

[2019-08-18T16:56:41.390+0200] [glassfish 5.1] [WARN] [] [org.jboss.weld.Bootstrap] [tid: _ThreadID=53 _ThreadName=admin-listener(3)] [timeMillis: 1566140201390] [levelValue: 900] [[
  WELD-000146: BeforeBeanDiscovery.addAnnotatedType(AnnotatedType<?>) used for class org.glassfish.cdi.transaction.TransactionalInterceptorRequiresNew is deprecated from CDI 1.1!]]

[2019-08-18T16:56:41.392+0200] [glassfish 5.1] [WARN] [] [org.jboss.weld.Bootstrap] [tid: _ThreadID=53 _ThreadName=admin-listener(3)] [timeMillis: 1566140201392] [levelValue: 900] [[
  WELD-000146: BeforeBeanDiscovery.addAnnotatedType(AnnotatedType<?>) used for class org.glassfish.cdi.transaction.TransactionalInterceptorSupports is deprecated from CDI 1.1!]]

[2019-08-18T16:56:41.437+0200] [glassfish 5.1] [WARN] [] [org.jboss.weld.Bootstrap] [tid: _ThreadID=53 _ThreadName=admin-listener(3)] [timeMillis: 1566140201437] [levelValue: 900] [[
  WELD-000146: BeforeBeanDiscovery.addAnnotatedType(AnnotatedType<?>) used for class org.glassfish.jersey.ext.cdi1x.transaction.internal.WebAppExceptionHolder is deprecated from CDI 1.1!]]

[2019-08-18T16:56:41.442+0200] [glassfish 5.1] [WARN] [] [org.jboss.weld.Bootstrap] [tid: _ThreadID=53 _ThreadName=admin-listener(3)] [timeMillis: 1566140201442] [levelValue: 900] [[
  WELD-000146: BeforeBeanDiscovery.addAnnotatedType(AnnotatedType<?>) used for class org.glassfish.jersey.ext.cdi1x.transaction.internal.WebAppExceptionInterceptor is deprecated from CDI 1.1!]]

[2019-08-18T16:56:41.445+0200] [glassfish 5.1] [WARN] [] [org.jboss.weld.Bootstrap] [tid: _ThreadID=53 _ThreadName=admin-listener(3)] [timeMillis: 1566140201445] [levelValue: 900] [[
  WELD-000146: BeforeBeanDiscovery.addAnnotatedType(AnnotatedType<?>) used for class org.glassfish.jersey.ext.cdi1x.transaction.internal.TransactionalExceptionMapper is deprecated from CDI 1.1!]]

[2019-08-18T16:56:41.447+0200] [glassfish 5.1] [WARN] [] [org.jboss.weld.Bootstrap] [tid: _ThreadID=53 _ThreadName=admin-listener(3)] [timeMillis: 1566140201447] [levelValue: 900] [[
  WELD-000146: BeforeBeanDiscovery.addAnnotatedType(AnnotatedType<?>) used for class org.glassfish.jersey.ext.cdi1x.servlet.internal.CdiExternalRequestScope is deprecated from CDI 1.1!]]

[2019-08-18T16:56:41.461+0200] [glassfish 5.1] [WARN] [] [org.jboss.weld.Bootstrap] [tid: _ThreadID=53 _ThreadName=admin-listener(3)] [timeMillis: 1566140201461] [levelValue: 900] [[
  WELD-000146: BeforeBeanDiscovery.addAnnotatedType(AnnotatedType<?>) used for class com.ibm.jbatch.container.cdi.BatchProducerBean is deprecated from CDI 1.1!]]

[2019-08-18T16:56:41.963+0200] [glassfish 5.1] [INFO] [jsf.config.listener.version] [javax.enterprise.resource.webcontainer.jsf.config] [tid: _ThreadID=127 _ThreadName=Thread-33] [timeMillis: 1566140201963] [levelValue: 800] [[
  Initializing Mojarra 2.3.9 for context '']]

[2019-08-18T16:56:42.262+0200] [glassfish 5.1] [INFO] [] [org.glassfish.soteria.servlet.SamRegistrationInstaller] [tid: _ThreadID=53 _ThreadName=admin-listener(3)] [timeMillis: 1566140202262] [levelValue: 800] [[
  Initializing Soteria 1.0.1 for context '/WebAPI']]

[2019-08-18T16:56:42.611+0200] [glassfish 5.1] [INFO] [AS-WEB-GLUE-00172] [javax.enterprise.web] [tid: _ThreadID=53 _ThreadName=admin-listener(3)] [timeMillis: 1566140202611] [levelValue: 800] [[
  Loading application [WebAPI-1.0-SNAPSHOT] at [/WebAPI]]]

[2019-08-18T16:56:42.639+0200] [glassfish 5.1] [INFO] [] [javax.enterprise.system.core] [tid: _ThreadID=53 _ThreadName=admin-listener(3)] [timeMillis: 1566140202639] [levelValue: 800] [[
  WebAPI-1.0-SNAPSHOT was successfully deployed in 3,427 milliseconds.]]

[2019-08-18T16:56:43.070+0200] [glassfish 5.1] [INFO] [AS-WEB-GLUE-00172] [javax.enterprise.web] [tid: _ThreadID=127 _ThreadName=Thread-33] [timeMillis: 1566140203070] [levelValue: 800] [[
  Loading application [__admingui] at [/]]]

[2019-08-18T16:56:43.071+0200] [glassfish 5.1] [INFO] [NCLS-CORE-00022] [javax.enterprise.system.core] [tid: _ThreadID=127 _ThreadName=Thread-33] [timeMillis: 1566140203071] [levelValue: 800] [[
  Loading application __admingui done in 5,625 ms]]

[2019-08-18T16:56:45.564+0200] [glassfish 5.1] [WARNING] [] [javax.enterprise.system.container.web.com.sun.web.security] [tid: _ThreadID=53 _ThreadName=admin-listener(3)] [timeMillis: 1566140205564] [levelValue: 900] [[
  Context path from ServletContext:  differs from path from bundle: /]]

